[2022-04-11 12:42:39][34632] Processing: App\Listeners\CompanyModelUpdatedListener
[2022-04-11 12:42:39][34632] Processed:  App\Listeners\CompanyModelUpdatedListener
[2022-04-11 12:42:39][34633] Processing: App\Listeners\CompanyModelUpdatedListener
[2022-04-11 12:42:39][34633] Processed:  App\Listeners\CompanyModelUpdatedListener
[2022-04-11 12:42:39][34634] Processing: App\Listeners\CompanyModelUpdatedListener
[2022-04-11 12:42:39][34634] Failed:     App\Listeners\CompanyModelUpdatedListener
[2022-04-11 12:42:39][34635] Processing: App\Listeners\CompanyModelUpdatedListener
[2022-04-11 12:42:39][34635] Failed:     App\Listeners\CompanyModelUpdatedListener
[2022-04-11 12:42:39][34636] Processing: App\Listeners\CompanyModelUpdatedListener
[2022-04-11 12:42:39][34636] Failed:     App\Listeners\CompanyModelUpdatedListener
[2022-04-11 12:42:39][34637] Processing: App\Listeners\CompanyModelUpdatedListener
[2022-04-11 12:42:39][34637] Failed:     App\Listeners\CompanyModelUpdatedListener
[2022-04-11 12:42:39][34638] Processing: App\Listeners\CompanyModelUpdatedListener
[2022-04-11 12:42:39][34638] Failed:     App\Listeners\CompanyModelUpdatedListener
[2022-04-11 12:42:39][34639] Processing: App\Listeners\CompanyModelUpdatedListener
[2022-04-11 12:42:39][34639] Failed:     App\Listeners\CompanyModelUpdatedListener
[2022-04-11 12:42:39][34640] Processing: App\Listeners\CompanyModelUpdatedListener
[2022-04-11 12:42:39][34640] Failed:     App\Listeners\CompanyModelUpdatedListener
[2022-04-11 12:42:39][34641] Processing: App\Listeners\CompanyModelUpdatedListener
[2022-04-11 12:42:39][34641] Failed:     App\Listeners\CompanyModelUpdatedListener
[2022-04-11 12:42:39][34642] Processing: App\Listeners\CompanyModelUpdatedListener
[2022-04-11 12:42:39][34642] Failed:     App\Listeners\CompanyModelUpdatedListener
[2022-04-11 12:42:39][34643] Processing: App\Listeners\CompanyModelUpdatedListener
[2022-04-11 12:42:39][34643] Failed:     App\Listeners\CompanyModelUpdatedListener
[2022-04-11 12:42:39][34644] Processing: App\Listeners\CompanyModelUpdatedListener
[2022-04-11 12:42:39][34644] Failed:     App\Listeners\CompanyModelUpdatedListener
[2022-04-11 12:42:39][34645] Processing: App\Listeners\CompanyModelUpdatedListener
[2022-04-11 12:42:39][34645] Processed:  App\Listeners\CompanyModelUpdatedListener
[2022-04-11 12:42:39][34646] Processing: App\Listeners\CompanyModelUpdatedListener
[2022-04-11 12:42:39][34646] Processed:  App\Listeners\CompanyModelUpdatedListener
[2022-04-11 12:42:39][34647] Processing: App\Listeners\CompanyModelUpdatedListener
[2022-04-11 12:42:39][34647] Processed:  App\Listeners\CompanyModelUpdatedListener
[2022-04-11 12:42:39][34648] Processing: App\Listeners\CompanyModelUpdatedListener
[2022-04-11 12:42:39][34648] Processed:  App\Listeners\CompanyModelUpdatedListener
[2022-04-11 12:42:39][34649] Processing: App\Listeners\CompanyModelUpdatedListener
[2022-04-11 12:42:39][34649] Processed:  App\Listeners\CompanyModelUpdatedListener
[2022-04-11 12:42:39][34650] Processing: App\Listeners\CompanyModelUpdatedListener
[2022-04-11 12:42:39][34650] Failed:     App\Listeners\CompanyModelUpdatedListener
[2022-04-11 12:42:39][34651] Processing: App\Listeners\CompanyModelUpdatedListener
[2022-04-11 12:42:39][34651] Failed:     App\Listeners\CompanyModelUpdatedListener
[2022-04-11 12:42:39][34652] Processing: App\Listeners\CompanyModelUpdatedListener
[2022-04-11 12:42:39][34652] Failed:     App\Listeners\CompanyModelUpdatedListener
[2022-04-11 12:42:39][34653] Processing: App\Listeners\CompanyModelUpdatedListener
[2022-04-11 12:42:39][34653] Failed:     App\Listeners\CompanyModelUpdatedListener
[2022-04-11 12:42:39][34654] Processing: App\Listeners\CompanyModelUpdatedListener
[2022-04-11 12:42:39][34654] Failed:     App\Listeners\CompanyModelUpdatedListener
[2022-04-11 12:42:39][34655] Processing: App\Listeners\CompanyModelUpdatedListener
[2022-04-11 12:42:39][34655] Failed:     App\Listeners\CompanyModelUpdatedListener
[2022-04-11 12:42:39][34656] Processing: App\Listeners\CompanyModelUpdatedListener
[2022-04-11 12:42:39][34656] Failed:     App\Listeners\CompanyModelUpdatedListener
[2022-04-11 12:42:39][34657] Processing: App\Listeners\CompanyModelUpdatedListener
[2022-04-11 12:42:39][34657] Failed:     App\Listeners\CompanyModelUpdatedListener
[2022-04-11 12:42:39][34658] Processing: App\Listeners\CompanyModelUpdatedListener
[2022-04-11 12:42:39][34658] Failed:     App\Listeners\CompanyModelUpdatedListener
[2022-04-11 12:42:39][34659] Processing: App\Listeners\CompanyModelUpdatedListener
[2022-04-11 12:42:39][34659] Failed:     App\Listeners\CompanyModelUpdatedListener
[2022-04-11 12:42:39][34660] Processing: App\Listeners\CompanyModelUpdatedListener
[2022-04-11 12:42:39][34660] Failed:     App\Listeners\CompanyModelUpdatedListener
[2022-04-11 12:42:39][34661] Processing: App\Listeners\CompanyModelUpdatedListener
[2022-04-11 12:42:39][34661] Processed:  App\Listeners\CompanyModelUpdatedListener
[2022-04-11 12:42:39][34662] Processing: App\Events\TemplateShared
[2022-04-11 12:42:39][34662] Failed:     App\Events\TemplateShared
[2022-04-11 12:42:39][34663] Processing: App\Listeners\TemplateSharedListener
[2022-04-11 12:42:39][34663] Failed:     App\Listeners\TemplateSharedListener
[2022-04-11 12:42:39][34664] Processing: App\Notifications\NotifyUsersForTemplateShared
[2022-04-11 12:42:39][34664] Processed:  App\Notifications\NotifyUsersForTemplateShared
[2022-04-11 12:42:39][34665] Processing: App\Events\TemplateShared
[2022-04-11 12:42:39][34665] Failed:     App\Events\TemplateShared
[2022-04-11 12:42:39][34666] Processing: App\Listeners\TemplateSharedListener
[2022-04-11 12:42:39][34666] Failed:     App\Listeners\TemplateSharedListener
[2022-04-11 12:42:39][34667] Processing: App\Notifications\NotifyUsersForTemplateShared
[2022-04-11 12:42:39][34667] Processed:  App\Notifications\NotifyUsersForTemplateShared
[2022-04-11 12:42:39][34668] Processing: App\Events\TemplateShared
[2022-04-11 12:42:39][34668] Failed:     App\Events\TemplateShared
[2022-04-11 12:42:39][34669] Processing: App\Listeners\TemplateSharedListener
[2022-04-11 12:42:39][34669] Failed:     App\Listeners\TemplateSharedListener
[2022-04-11 12:42:39][34670] Processing: App\Notifications\NotifyUsersForTemplateShared
[2022-04-11 12:42:39][34670] Processed:  App\Notifications\NotifyUsersForTemplateShared
[2022-04-11 12:42:39][34671] Processing: App\Events\TemplateShared
[2022-04-11 12:42:39][34671] Failed:     App\Events\TemplateShared
[2022-04-11 12:42:39][34672] Processing: App\Listeners\TemplateSharedListener
[2022-04-11 12:42:39][34672] Failed:     App\Listeners\TemplateSharedListener
[2022-04-11 12:42:39][34673] Processing: App\Notifications\NotifyUsersForTemplateShared
[2022-04-11 12:42:39][34673] Processed:  App\Notifications\NotifyUsersForTemplateShared
[2022-04-11 12:42:39][34674] Processing: App\Events\TemplateShared
[2022-04-11 12:42:39][34674] Processed:  App\Events\TemplateShared
[2022-04-11 12:42:39][34675] Processing: App\Listeners\TemplateSharedListener
[2022-04-11 12:42:39][34675] Processed:  App\Listeners\TemplateSharedListener
[2022-04-11 12:42:39][34676] Processing: App\Notifications\NotifyUsersForTemplateShared
[2022-04-11 12:42:39][34676] Processed:  App\Notifications\NotifyUsersForTemplateShared
[2022-04-11 12:43:09][34677] Processing: App\Events\TemplateShared
[2022-04-11 12:43:09][34677] Processed:  App\Events\TemplateShared
[2022-04-11 12:43:09][34678] Processing: App\Listeners\TemplateSharedListener
[2022-04-11 12:43:09][34678] Processed:  App\Listeners\TemplateSharedListener
[2022-04-11 12:43:09][34679] Processing: App\Notifications\NotifyUsersForTemplateShared
[2022-04-11 12:43:09][34679] Processed:  App\Notifications\NotifyUsersForTemplateShared
[2022-04-11 12:44:03][34680] Processing: App\Events\TemplateShared
[2022-04-11 12:44:03][34680] Processed:  App\Events\TemplateShared
[2022-04-11 12:44:03][34681] Processing: App\Listeners\TemplateSharedListener
[2022-04-11 12:44:03][34681] Processed:  App\Listeners\TemplateSharedListener
[2022-04-11 12:44:03][34682] Processing: App\Notifications\NotifyUsersForTemplateShared
[2022-04-11 12:44:03][34682] Processed:  App\Notifications\NotifyUsersForTemplateShared
